0 verbose cli [
0 verbose cli   'E:\\nodejs\\node.exe',
0 verbose cli   'E:\\nodejs\\node_modules\\npm\\bin\\npm-cli.js',
0 verbose cli   'install'
0 verbose cli ]
1 info using npm@8.1.2
2 info using node@v16.13.1
3 timing npm:load:whichnode Completed in 0ms
4 timing config:load:defaults Completed in 2ms
5 timing config:load:file:E:\nodejs\node_modules\npm\npmrc Completed in 3ms
6 timing config:load:builtin Completed in 3ms
7 timing config:load:cli Completed in 2ms
8 timing config:load:env Completed in 1ms
9 timing config:load:file:E:\DataDriven\4d-hypercube-explorer-source\.npmrc Completed in 1ms
10 timing config:load:project Completed in 2ms
11 timing config:load:file:C:\Users\PerusPro\.npmrc Completed in 0ms
12 timing config:load:user Completed in 0ms
13 timing config:load:file:C:\Users\PerusPro\AppData\Roaming\npm\etc\npmrc Completed in 0ms
14 timing config:load:global Completed in 0ms
15 timing config:load:validate Completed in 1ms
16 timing config:load:credentials Completed in 1ms
17 timing config:load:setEnvs Completed in 1ms
18 timing config:load Completed in 13ms
19 timing npm:load:configload Completed in 13ms
20 timing npm:load:setTitle Completed in 0ms
21 timing npm:load:setupLog Completed in 1ms
22 timing config:load:flatten Completed in 3ms
23 timing npm:load:cleanupLog Completed in 3ms
24 timing npm:load:configScope Completed in 0ms
25 timing npm:load:projectScope Completed in 1ms
26 timing npm:load Completed in 23ms
27 timing arborist:ctor Completed in 1ms
28 timing arborist:ctor Completed in 0ms
29 timing idealTree:init Completed in 15ms
30 timing idealTree:userRequests Completed in 0ms
31 silly idealTree buildDeps
32 timing idealTree:#root Completed in 0ms
33 timing idealTree:buildDeps Completed in 2ms
34 timing idealTree:fixDepFlags Completed in 0ms
35 timing idealTree Completed in 19ms
36 timing reify:loadTrees Completed in 19ms
37 timing reify:diffTrees Completed in 1ms
38 silly reify moves {}
39 timing reify:retireShallow Completed in 0ms
40 timing reify:createSparse Completed in 0ms
41 timing reify:loadBundles Completed in 0ms
42 silly audit report null
43 timing reify:audit Completed in 1ms
44 timing reify:unpack Completed in 0ms
45 timing reify:unretire Completed in 0ms
46 timing build:queue Completed in 0ms
47 timing build:deps Completed in 1ms
48 timing build Completed in 1ms
49 timing reify:build Completed in 1ms
50 timing reify:trash Completed in 0ms
51 timing reify:save Completed in 3ms
52 timing reify Completed in 42ms
53 timing command:install Completed in 45ms
54 verbose stack Error: ENOENT: no such file or directory, open 'E:\DataDriven\4d-hypercube-explorer-source\package.json'
55 verbose cwd E:\DataDriven\4d-hypercube-explorer-source
56 verbose Windows_NT 10.0.19045
57 verbose argv "E:\\nodejs\\node.exe" "E:\\nodejs\\node_modules\\npm\\bin\\npm-cli.js" "install"
58 verbose node v16.13.1
59 verbose npm  v8.1.2
60 error code ENOENT
61 error syscall open
62 error path E:\DataDriven\4d-hypercube-explorer-source/package.json
63 error errno -4058
64 error enoent ENOENT: no such file or directory, open 'E:\DataDriven\4d-hypercube-explorer-source\package.json'
65 error enoent This is related to npm not being able to find a file.
66 verbose exit -4058
