0 verbose cli E:\nodejs\node.exe E:\nodejs\node_modules\npm\bin\npm-cli.js
1 info using npm@11.16.0
2 info using node@v24.18.0
3 silly config load:file:E:\nodejs\node_modules\npm\npmrc
4 silly config load:file:C:\Users\PerusPro\.npmrc
5 silly config load:file:C:\Users\PerusPro\AppData\Roaming\npm\etc\npmrc
6 verbose title npm install npm@latest
7 verbose argv "install" "--global" "npm@latest"
8 verbose logfile logs-max:10 dir:C:\Users\PerusPro\AppData\Local\npm-cache\_logs\2026-06-28T07_34_13_577Z-
9 verbose logfile C:\Users\PerusPro\AppData\Local\npm-cache\_logs\2026-06-28T07_34_13_577Z-debug-0.log
10 silly logfile done cleaning log files
11 http fetch GET 200 https://registry.npmjs.org/npm 382ms (cache revalidated)
12 silly packumentCache heap:4496293888 maxSize:1124073472 maxEntrySize:562036736
13 silly packumentCache corgi:https://registry.npmjs.org/npm cache-miss
14 http cache https://registry.npmjs.org/npm 15ms (cache hit)
15 silly packumentCache corgi:https://registry.npmjs.org/npm set size:2412274 disposed:false
16 silly idealTree buildDeps
17 silly fetch manifest npm@11.17.0
18 silly packumentCache full:https://registry.npmjs.org/npm cache-miss
19 http fetch GET 200 https://registry.npmjs.org/npm 3989ms (cache miss)
20 silly packumentCache full:https://registry.npmjs.org/npm set size:undefined disposed:false
21 silly placeDep ROOT npm@11.17.0 OK for:  want: 11.17.0
22 silly reify moves {}
23 http cache npm@https://registry.npmjs.org/npm/-/npm-11.17.0.tgz 0ms (cache hit)
24 silly tarball no local data for npm@https://registry.npmjs.org/npm/-/npm-11.17.0.tgz. Extracting by manifest.
25 http fetch GET 200 https://registry.npmjs.org/npm/-/npm-11.17.0.tgz 9187ms (cache miss)
26 silly ADD node_modules/npm
27 verbose cwd E:\DataDriven\4d-hypercube-explorer-source\app
28 verbose os Windows_NT 10.0.19045
29 verbose node v24.18.0
30 verbose npm  v11.16.0
31 verbose exit 0
32 info ok
